<?xml version="1.0" encoding="UTF-8"?>
<!-- Generated by org.testng.reporters.JUnitXMLReporter -->
<testsuite ignored="0" hostname="LAPTOP-RH55RME4" failures="0" tests="3" name="annotations2" time="0.048" errors="0" timestamp="2023-08-07T18:46:55 IST">
  <testcase classname="TestNG.TestCase2" name="Test4" time="0.006"/>
  <testcase classname="TestNG.TestCase2" name="Test5" time="0.005"/>
  <testcase classname="TestNG.TestCase2" name="Test6" time="0.004"/>
</testsuite> <!-- annotations2 -->
