<?xml version="1.0" encoding="UTF-8"?>
<!-- Generated by org.testng.reporters.JUnitXMLReporter -->
<testsuite ignored="0" hostname="LAPTOP-RH55RME4" failures="0" tests="6" name="annotations" time="0.216" errors="0" timestamp="2023-08-07T19:03:20 IST">
  <testcase classname="TestNG.TestCase1" name="Test1" time="0.014"/>
  <testcase classname="TestNG.TestCase1" name="Test2" time="0.005"/>
  <testcase classname="TestNG.TestCase1" name="Test3" time="0.005"/>
  <testcase classname="TestNG.TestCase2" name="Test4" time="0.005"/>
  <testcase classname="TestNG.TestCase2" name="Test5" time="0.003"/>
  <testcase classname="TestNG.TestCase2" name="Test6" time="0.006"/>
</testsuite> <!-- annotations -->
