<?xml version="1.0" encoding="UTF-8"?>
<!-- Generated by org.testng.reporters.JUnitXMLReporter -->
<testsuite ignored="0" hostname="LAPTOP-RH55RME4" failures="0" tests="3" name="annotations1" time="0.116" errors="0" timestamp="2023-08-07T18:46:55 IST">
  <testcase classname="TestNG.TestCase1" name="Test1" time="0.012"/>
  <testcase classname="TestNG.TestCase1" name="Test2" time="0.003"/>
  <testcase classname="TestNG.TestCase1" name="Test3" time="0.005"/>
</testsuite> <!-- annotations1 -->
