<?xml version="1.0" encoding="UTF-8"?>
<!-- Generated by org.testng.reporters.JUnitXMLReporter -->
<testsuite ignored="0" hostname="LAPTOP-RH55RME4" failures="1" tests="1" name="DataProvider" time="0.108" errors="0" timestamp="2023-08-12T14:41:39 IST">
  <testcase classname="TestNG.demo" name="LaunchPage" time="0.039">
    <failure type="org.testng.internal.reflect.MethodMatcherException" message="
[public void TestNG.demo.LaunchPage(java.lang.Object[],java.lang.Object[],java.lang.Object[])] has no parameters defined but was found to be using a data provider (either explicitly specified or inherited from class level annotation).
Data provider mismatch
Method: LaunchPage([java.lang.Object[] arg0, java.lang.Object[] arg1, java.lang.Object[] arg2])
Arguments: [(java.lang.String) abhilashnaidu21,(java.lang.String) abhilash,(java.lang.String) babu]">
      <![CDATA[org.testng.internal.reflect.MethodMatcherException: 
[public void TestNG.demo.LaunchPage(java.lang.Object[],java.lang.Object[],java.lang.Object[])] has no parameters defined but was found to be using a data provider (either explicitly specified or inherited from class level annotation).
Data provider mismatch
Method: LaunchPage([java.lang.Object[] arg0, java.lang.Object[] arg1, java.lang.Object[] arg2])
Arguments: [(java.lang.String) abhilashnaidu21,(java.lang.String) abhilash,(java.lang.String) babu]
at java.base/java.util.ArrayList.forEach(ArrayList.java:1511)
... Removed 22 stack frames]]>
    </failure>
  </testcase> <!-- LaunchPage -->
</testsuite> <!-- DataProvider -->
