<?xml version="1.0" encoding="UTF-8"?>
<!-- Generated by org.testng.reporters.JUnitXMLReporter -->
<testsuite ignored="0" hostname="LAPTOP-RH55RME4" failures="1" tests="8" name="dependencygroups" time="0.165" errors="0" timestamp="2023-08-20T19:55:10 IST">
  <testcase classname="TestNG.DependencyGroups" name="Test2" time="0.016"/>
  <testcase classname="TestNG.DependencyGroups" name="Test6" time="0.008"/>
  <testcase classname="TestNG.DependencyGroups" name="Test7" time="0.009">
    <failure type="java.lang.ArithmeticException" message="/ by zero">
      <![CDATA[java.lang.ArithmeticException: / by zero
at TestNG.DependencyGroups.Test7(DependencyGroups.java:44)
at java.base/java.util.ArrayList.forEach(ArrayList.java:1511)
... Removed 25 stack frames]]>
    </failure>
  </testcase> <!-- Test7 -->
  <testcase classname="TestNG.DependencyGroups" name="Test8" time="0.007"/>
  <testcase classname="TestNG.DependencyGroups" name="Test1" time="0.004"/>
  <testcase classname="TestNG.DependencyGroups" name="Test3" time="0.001">
    <skipped/>
  </testcase> <!-- Test3 -->
  <testcase classname="TestNG.DependencyGroups" name="Test4" time="0.002"/>
  <testcase classname="TestNG.DependencyGroups" name="Test5" time="0.0">
    <skipped/>
  </testcase> <!-- Test5 -->
</testsuite> <!-- dependencygroups -->
