<?xml version="1.0" encoding="UTF-8"?>
<!-- Generated by org.testng.reporters.JUnitXMLReporter -->
<testsuite ignored="1" hostname="LAPTOP-RH55RME4" failures="0" tests="2" name="groups" time="0.099" errors="0" timestamp="2023-08-10T10:37:05 IST">
  <testcase classname="TestNG.demo" name="CancelShipment" time="0.012"/>
  <testcase classname="TestNG.demo" name="TrackingShipment" time="0.002"/>
  <testcase classname="TestNG.demo" name="CreateShipment" time="0.0">
    <ignored/>
  </testcase> <!-- CreateShipment -->
</testsuite> <!-- groups -->
