<?xml version="1.0" encoding="UTF-8"?>
<!-- Generated by org.testng.reporters.JUnitXMLReporter -->
<testsuite ignored="3" hostname="LAPTOP-RH55RME4" failures="0" tests="2" name="LaunchGoogle" time="14.26" errors="0" timestamp="2023-08-09T14:22:02 IST">
  <testcase classname="TestNG.GoogleTest" name="LaunchPage" time="1.724"/>
  <testcase classname="TestNG.GoogleTest" name="EnterText" time="5.482"/>
  <testcase classname="TestNG.GoogleTest" name="browserName" time="0.0">
    <ignored/>
  </testcase> <!-- browserName -->
  <testcase classname="TestNG.GoogleTest" name="closeBrowser" time="0.0">
    <ignored/>
  </testcase> <!-- closeBrowser -->
  <testcase classname="TestNG.GoogleTest" name="getTitle" time="0.0">
    <ignored/>
  </testcase> <!-- getTitle -->
</testsuite> <!-- LaunchGoogle -->
