<?xml version="1.0" encoding="UTF-8"?>
<!-- Generated by org.testng.reporters.JUnitXMLReporter -->
<testsuite ignored="0" hostname="LAPTOP-RH55RME4" failures="0" tests="6" name="OrangeHrmLogin" time="16.055" errors="0" timestamp="2023-08-09T05:37:34 IST">
  <testcase classname="TestNG.OrangeHRM_Xml" name="LaunchPage" time="7.525"/>
  <testcase classname="TestNG.OrangeHRM_Xml" name="LoginPage" time="2.355"/>
  <testcase classname="TestNG.OrangeHRM_Xml" name="VerifyDashBoard" time="0.054"/>
  <testcase classname="TestNG.OrangeHRM_Xml" name="VerifyMyActions" time="0.169"/>
  <testcase classname="TestNG.OrangeHRM_Xml" name="VerifyAdmin" time="1.997"/>
  <testcase classname="TestNG.OrangeHRM_Xml" name="NavigateToPIM" time="1.698"/>
</testsuite> <!-- OrangeHrmLogin -->
