<?xml version="1.0" encoding="UTF-8"?>
<!-- Generated by org.testng.reporters.JUnitXMLReporter -->
<testsuite ignored="2" hostname="LAPTOP-RH55RME4" failures="0" tests="8" name="parameters" time="31.223" errors="0" timestamp="2023-08-08T12:16:22 IST">
  <testcase classname="TestNG.Parameters" name="LaunchPage" time="6.724"/>
  <testcase classname="TestNG.Parameters" name="EnterLogin" time="3.186"/>
  <testcase classname="TestNG.Parameters" name="SelectMethod" time="2.153"/>
  <testcase classname="TestNG.Parameters" name="CheckBox1" time="0.108"/>
  <testcase classname="TestNG.Parameters" name="RadioButton" time="2.153"/>
  <testcase classname="TestNG.Parameters" name="DatePicker" time="5.67"/>
  <testcase classname="TestNG.Parameters" name="Comment" time="5.172"/>
  <testcase classname="TestNG.Parameters" name="BookAppointmentButton" time="2.604"/>
  <testcase classname="TestNG.Parameters" name="InitialiseBrowser" time="0.0">
    <ignored/>
  </testcase> <!-- InitialiseBrowser -->
  <testcase classname="TestNG.Parameters" name="Teardown" time="0.0">
    <ignored/>
  </testcase> <!-- Teardown -->
</testsuite> <!-- parameters -->
