<?xml version="1.0" encoding="UTF-8"?>
<!-- Generated by org.testng.reporters.JUnitXMLReporter -->
<testsuite ignored="2" hostname="LAPTOP-RH55RME4" failures="0" tests="0" time="3.029" errors="0" timestamp="2023-08-23T11:25:03 IST">
  <testcase classname="TestNG.ScreenshotMethod" name="applitools" time="0.0">
    <ignored/>
  </testcase> <!-- applitools -->
  <testcase classname="TestNG.ScreenshotMethod" name="google" time="0.0">
    <ignored/>
  </testcase> <!-- google -->
</testsuite>
