<?xml version="1.0" encoding="UTF-8"?>
<!-- Generated by org.testng.reporters.JUnitXMLReporter -->
<testsuite ignored="4" hostname="LAPTOP-RH55RME4" failures="0" tests="0" time="0.003" errors="0" timestamp="2023-08-12T11:08:20 IST">
  <testcase classname="TestNG.Groups2" name="Test4" time="0.0">
    <ignored/>
  </testcase> <!-- Test4 -->
  <testcase classname="TestNG.Groups2" name="Test5" time="0.0">
    <ignored/>
  </testcase> <!-- Test5 -->
  <testcase classname="TestNG.Groups2" name="Test6" time="0.0">
    <ignored/>
  </testcase> <!-- Test6 -->
  <testcase classname="TestNG.Groups2" name="Test7" time="0.0">
    <ignored/>
  </testcase> <!-- Test7 -->
</testsuite>
