<?xml version="1.0" encoding="UTF-8"?>
<!-- Generated by org.testng.reporters.JUnitXMLReporter -->
<testsuite ignored="3" hostname="LAPTOP-RH55RME4" failures="0" tests="0" time="0.021" errors="0" timestamp="2023-08-12T11:08:20 IST">
  <testcase classname="TestNG.Groups1" name="Test1" time="0.0">
    <ignored/>
  </testcase> <!-- Test1 -->
  <testcase classname="TestNG.Groups1" name="Test2" time="0.0">
    <ignored/>
  </testcase> <!-- Test2 -->
  <testcase classname="TestNG.Groups1" name="Test3" time="0.0">
    <ignored/>
  </testcase> <!-- Test3 -->
</testsuite>
