<?xml version="1.0" encoding="UTF-8"?>
<!-- Generated by org.testng.reporters.JUnitXMLReporter -->
<testsuite ignored="0" hostname="LAPTOP-RH55RME4" failures="1" tests="1" name="Test1" time="20.647" errors="0" timestamp="2023-09-01T12:34:31 IST">
  <testcase classname="TestNGExtentReports.BaseMethod2" name="testGoogle" time="13.534">
    <failure type="java.lang.AssertionError" message="expected [LOGINs] but found [Login]">
      <![CDATA[java.lang.AssertionError: expected [LOGINs] but found [Login]
at TestNGExtentReports.BaseMethod2.testGoogle(BaseMethod2.java:23)
at java.base/java.util.ArrayList.forEach(ArrayList.java:1511)
... Removed 31 stack frames]]>
    </failure>
  </testcase> <!-- testGoogle -->
</testsuite> <!-- Test1 -->
