<?xml version="1.0" encoding="UTF-8"?>
<!-- Generated by org.testng.reporters.JUnitXMLReporter -->
<testsuite ignored="1" hostname="LAPTOP-RH55RME4" failures="1" tests="1" name="TestAPSRTC" time="10.005" errors="0" timestamp="2023-08-30T14:18:03 IST">
  <testcase classname="TestNGExtentReports.BaseMethod" name="Apsrtc" time="3.194">
    <failure type="java.lang.AssertionError" message="expected [APSRTCC] but found [APSRTC]">
      <![CDATA[java.lang.AssertionError: expected [APSRTCC] but found [APSRTC]
at TestNGExtentReports.BaseMethod.Apsrtc(BaseMethod.java:39)
at java.base/java.util.ArrayList.forEach(ArrayList.java:1511)
... Removed 31 stack frames]]>
    </failure>
  </testcase> <!-- Apsrtc -->
  <testcase classname="TestNGExtentReports.BaseMethod" name="google" time="0.0">
    <ignored/>
  </testcase> <!-- google -->
</testsuite> <!-- TestAPSRTC -->
