<?xml version="1.0" encoding="UTF-8"?>
<!-- Generated by org.testng.reporters.JUnitXMLReporter -->
<testsuite ignored="0" hostname="LAPTOP-RH55RME4" failures="1" tests="1" name="Test" time="14.027" errors="0" timestamp="2023-09-29T22:27:01 IST">
  <testcase classname="abhi.basemethod" name="login" time="9.069">
    <failure type="java.lang.AssertionError" message="expected [abhi] but found [Paul Collings]">
      <![CDATA[java.lang.AssertionError: expected [abhi] but found [Paul Collings]
at abhi.basemethod.login(basemethod.java:22)
at java.base/java.util.ArrayList.forEach(ArrayList.java:1511)
... Removed 31 stack frames]]>
    </failure>
  </testcase> <!-- login -->
</testsuite> <!-- Test -->
