<?xml version="1.0" encoding="UTF-8"?>
<!-- Generated by org.testng.reporters.JUnitXMLReporter -->
<testsuite ignored="4" hostname="LAPTOP-RH55RME4" failures="0" tests="0" time="0.017" errors="0" timestamp="2023-08-09T10:57:11 IST">
  <testcase classname="TestNG.Ignoring" name="Test1" time="0.0">
    <ignored/>
  </testcase> <!-- Test1 -->
  <testcase classname="TestNG.Ignoring" name="Test4" time="0.0">
    <ignored/>
  </testcase> <!-- Test4 -->
  <testcase classname="TestNG.Ignoring" name="Test2" time="0.0">
    <ignored/>
  </testcase> <!-- Test2 -->
  <testcase classname="TestNG.Ignoring" name="Test3" time="0.0">
    <ignored/>
  </testcase> <!-- Test3 -->
</testsuite>
