<?xml version="1.0" encoding="UTF-8"?>
<!-- Generated by org.testng.reporters.JUnitXMLReporter -->
<testsuite ignored="1" hostname="LAPTOP-RH55RME4" failures="0" tests="1" name="TestGoogle" time="13.094" errors="0" timestamp="2023-08-30T14:17:53 IST">
  <testcase classname="TestNGExtentReports.BaseMethod" name="google" time="8.712"/>
  <testcase classname="TestNGExtentReports.BaseMethod" name="Apsrtc" time="0.0">
    <ignored/>
  </testcase> <!-- Apsrtc -->
</testsuite> <!-- TestGoogle -->
