<?xml version="1.0" encoding="UTF-8"?>
<!-- Generated by org.testng.reporters.JUnitXMLReporter -->
<testsuite ignored="0" hostname="LAPTOP-RH55RME4" failures="0" tests="3" name="Demo" time="0.117" errors="0" timestamp="2023-08-09T17:55:03 IST">
  <testcase classname="TestNG.PrioritizeTestCases" name="launch" time="0.025"/>
  <testcase classname="TestNG.PrioritizeTestCases" name="signin" time="0.002"/>
  <testcase classname="TestNG.PrioritizeTestCases" name="logout" time="0.003"/>
</testsuite> <!-- Demo -->
